[     7.258] 
X.Org X Server 1.21.1.4
X Protocol Version 11, Revision 0
[     7.258] Current Operating System: Linux kali 6.0.0-kali3-amd64 #1 SMP PREEMPT_DYNAMIC Debian 6.0.7-1kali1 (2022-11-07) x86_64
[     7.258] Kernel command line: BOOT_IMAGE=/vmlinuz-6.0.0-kali3-amd64 root=/dev/mapper/kali--vg-root ro quiet splash
[     7.258] xorg-server 2:21.1.4-3 (https://www.debian.org/support) 
[     7.258] Current version of pixman: 0.44.0
[     7.258] 	Before reporting problems, check http://wiki.x.org
	to make sure that you have the latest version.
[     7.258] Markers: (--) probed, (**) from config file, (==) default setting,
	(++) from command line, (!!) notice, (II) informational,
	(WW) warning, (EE) error, (NI) not implemented, (??) unknown.
[     7.258] (==) Log file: "/var/log/Xorg.0.log", Time: Fri Apr 25 18:51:26 2025
[     7.262] (==) Using system config directory "/usr/share/X11/xorg.conf.d"
[     7.267] (==) No Layout section.  Using the first Screen section.
[     7.267] (==) No screen section available. Using defaults.
[     7.267] (**) |-->Screen "Default Screen Section" (0)
[     7.267] (**) |   |-->Monitor "<default monitor>"
[     7.270] (==) No monitor specified for screen "Default Screen Section".
	Using a default monitor configuration.
[     7.270] (==) Automatically adding devices
[     7.270] (==) Automatically enabling devices
[     7.270] (==) Automatically adding GPU devices
[     7.270] (==) Automatically binding GPU devices
[     7.270] (==) Max clients allowed: 256, resource mask: 0x1fffff
[     7.275] (WW) The directory "/usr/share/fonts/X11/cyrillic" does not exist.
[     7.275] 	Entry deleted from font path.
[     7.278] (==) FontPath set to:
	/usr/share/fonts/X11/misc,
	/usr/share/fonts/X11/100dpi/:unscaled,
	/usr/share/fonts/X11/75dpi/:unscaled,
	/usr/share/fonts/X11/Type1,
	/usr/share/fonts/X11/100dpi,
	/usr/share/fonts/X11/75dpi,
	built-ins
[     7.278] (==) ModulePath set to "/usr/lib/xorg/modules"
[     7.278] (II) The server relies on udev to provide the list of input devices.
	If no devices become available, reconfigure udev or disable AutoAddDevices.
[     7.278] (II) Loader magic: 0x5577ae741f00
[     7.278] (II) Module ABI versions:
[     7.278] 	X.Org ANSI C Emulation: 0.4
[     7.278] 	X.Org Video Driver: 25.2
[     7.278] 	X.Org XInput driver : 24.4
[     7.278] 	X.Org Server Extension : 10.0
[     7.279] (++) using VT number 7

[     7.279] (II) systemd-logind: logind integration requires -keeptty and -keeptty was not provided, disabling logind integration
[     7.279] (II) xfree86: Adding drm device (/dev/dri/card0)
[     7.279] (II) Platform probe for /sys/devices/pci0000:00/0000:00:0f.0/drm/card0
[     7.286] (--) PCI:*(0@0:15:0) 15ad:0405:15ad:0405 rev 0, Mem @ 0xe8000000/134217728, 0xfe000000/8388608, I/O @ 0x00001070/16, BIOS @ 0x????????/131072
[     7.292] (II) LoadModule: "glx"
[     7.294] (II) Loading /usr/lib/xorg/modules/extensions/libglx.so
[     7.309] (II) Module glx: vendor="X.Org Foundation"
[     7.309] 	compiled for 1.21.1.4, module version = 1.0.0
[     7.309] 	ABI class: X.Org Server Extension, version 10.0
[     7.309] (==) Matched vmware as autoconfigured driver 0
[     7.309] (==) Matched modesetting as autoconfigured driver 1
[     7.309] (==) Matched fbdev as autoconfigured driver 2
[     7.309] (==) Matched vesa as autoconfigured driver 3
[     7.309] (==) Assigned the driver to the xf86ConfigLayout
[     7.309] (II) LoadModule: "vmware"
[     7.312] (II) Loading /usr/lib/xorg/modules/drivers/vmware_drv.so
[     7.983] (II) Module vmware: vendor="X.Org Foundation"
[     7.983] 	compiled for 1.21.1.9, module version = 13.4.0
[     7.983] 	Module class: X.Org Video Driver
[     7.983] 	ABI class: X.Org Video Driver, version 25.2
[     7.983] (II) LoadModule: "modesetting"
[     7.983] (II) Loading /usr/lib/xorg/modules/drivers/modesetting_drv.so
[     7.985] (II) Module modesetting: vendor="X.Org Foundation"
[     7.985] 	compiled for 1.21.1.4, module version = 1.21.1
[     7.985] 	Module class: X.Org Video Driver
[     7.985] 	ABI class: X.Org Video Driver, version 25.2
[     7.985] (II) LoadModule: "fbdev"
[     7.986] (II) Loading /usr/lib/xorg/modules/drivers/fbdev_drv.so
[     7.986] (II) Module fbdev: vendor="X.Org Foundation"
[     7.986] 	compiled for 1.21.1.3, module version = 0.5.0
[     7.986] 	Module class: X.Org Video Driver
[     7.986] 	ABI class: X.Org Video Driver, version 25.2
[     7.986] (II) LoadModule: "vesa"
[     7.986] (II) Loading /usr/lib/xorg/modules/drivers/vesa_drv.so
[     7.987] (II) Module vesa: vendor="X.Org Foundation"
[     7.987] 	compiled for 1.21.1.15, module version = 2.6.0
[     7.987] 	Module class: X.Org Video Driver
[     7.987] 	ABI class: X.Org Video Driver, version 25.2
[     7.987] (II) vmware: driver for VMware SVGA: vmware0405, vmware0710
[     7.987] (II) modesetting: Driver for Modesetting Kernel Drivers: kms
[     7.987] (II) FBDEV: driver for framebuffer: fbdev
[     7.987] (II) VESA: driver for VESA chipsets: vesa
[     8.001] (WW) Falling back to old probe method for modesetting
[     8.001] (WW) Falling back to old probe method for fbdev
[     8.001] (II) Loading sub module "fbdevhw"
[     8.001] (II) LoadModule: "fbdevhw"
[     8.003] (II) Loading /usr/lib/xorg/modules/libfbdevhw.so
[     8.004] (II) Module fbdevhw: vendor="X.Org Foundation"
[     8.004] 	compiled for 1.21.1.4, module version = 0.0.2
[     8.004] 	ABI class: X.Org Video Driver, version 25.2
[     8.004] (II) vmware(0): Creating default Display subsection in Screen section
	"Default Screen Section" for depth/fbbpp 24/32
[     8.004] (--) vmware(0): DRM driver version is 2.20.0
[     8.004] (==) vmware(0): Depth 24, (--) framebuffer bpp 32
[     8.004] (==) vmware(0): RGB weight 888
[     8.004] (==) vmware(0): Default visual is TrueColor
[     8.004] (--) vmware(0): Min width 1, Max Width 8192.
[     8.004] (--) vmware(0): Min height 1, Max Height 8192.
[     8.004] (II) vmware(0): Output Virtual1 has no monitor section
[     8.004] (II) vmware(0): Output Virtual2 has no monitor section
[     8.004] (II) vmware(0): Output Virtual3 has no monitor section
[     8.004] (II) vmware(0): Output Virtual4 has no monitor section
[     8.004] (II) vmware(0): Output Virtual5 has no monitor section
[     8.004] (II) vmware(0): Output Virtual6 has no monitor section
[     8.004] (II) vmware(0): Output Virtual7 has no monitor section
[     8.004] (II) vmware(0): Output Virtual8 has no monitor section
[     8.004] (II) vmware(0): Printing probed modes for output Virtual1
[     8.004] (II) vmware(0): Modeline "800x600"x60.0   42.75  800 850 900 950  600 650 700 750 -hsync +vsync (45.0 kHz eP)
[     8.004] (II) vmware(0): Modeline "3840x2400"x60.0  592.25  3840 3888 3920 4000  2400 2403 2409 2469 +hsync -vsync (148.1 kHz e)
[     8.004] (II) vmware(0): Modeline "3840x2160"x60.0  533.00  3840 3888 3920 4000  2160 2163 2168 2222 +hsync -vsync (133.2 kHz e)
[     8.004] (II) vmware(0): Modeline "2880x1800"x59.9  337.50  2880 2928 2960 3040  1800 1803 1809 1852 +hsync -vsync (111.0 kHz e)
[     8.004] (II) vmware(0): Modeline "2560x1600"x60.0  348.50  2560 2752 3032 3504  1600 1603 1609 1658 -hsync +vsync (99.5 kHz e)
[     8.004] (II) vmware(0): Modeline "2560x1440"x60.0  241.50  2560 2608 2640 2720  1440 1443 1448 1481 +hsync -vsync (88.8 kHz e)
[     8.004] (II) vmware(0): Modeline "1920x1440"x60.0  234.00  1920 2048 2256 2600  1440 1441 1444 1500 -hsync +vsync (90.0 kHz e)
[     8.004] (II) vmware(0): Modeline "1856x1392"x60.0  218.25  1856 1952 2176 2528  1392 1393 1396 1439 -hsync +vsync (86.3 kHz e)
[     8.004] (II) vmware(0): Modeline "1792x1344"x60.0  204.75  1792 1920 2120 2448  1344 1345 1348 1394 -hsync +vsync (83.6 kHz e)
[     8.004] (II) vmware(0): Modeline "1920x1200"x59.9  193.25  1920 2056 2256 2592  1200 1203 1209 1245 -hsync +vsync (74.6 kHz e)
[     8.004] (II) vmware(0): Modeline "1920x1080"x60.0  173.00  1920 2048 2248 2576  1080 1083 1088 1120 -hsync +vsync (67.2 kHz e)
[     8.004] (II) vmware(0): Modeline "1600x1200"x60.0  162.00  1600 1664 1856 2160  1200 1201 1204 1250 +hsync +vsync (75.0 kHz e)
[     8.004] (II) vmware(0): Modeline "1680x1050"x60.0  146.25  1680 1784 1960 2240  1050 1053 1059 1089 -hsync +vsync (65.3 kHz e)
[     8.004] (II) vmware(0): Modeline "1400x1050"x60.0  121.75  1400 1488 1632 1864  1050 1053 1057 1089 -hsync +vsync (65.3 kHz e)
[     8.004] (II) vmware(0): Modeline "1280x1024"x60.0  108.00  1280 1328 1440 1688  1024 1025 1028 1066 +hsync +vsync (64.0 kHz e)
[     8.004] (II) vmware(0): Modeline "1440x900"x59.9  106.50  1440 1520 1672 1904  900 903 909 934 -hsync +vsync (55.9 kHz e)
[     8.004] (II) vmware(0): Modeline "1280x960"x60.0  108.00  1280 1376 1488 1800  960 961 964 1000 +hsync +vsync (60.0 kHz e)
[     8.004] (II) vmware(0): Modeline "1360x768"x60.0   85.50  1360 1424 1536 1792  768 771 777 795 +hsync +vsync (47.7 kHz e)
[     8.004] (II) vmware(0): Modeline "1280x800"x59.8   83.50  1280 1352 1480 1680  800 803 809 831 +hsync -vsync (49.7 kHz e)
[     8.004] (II) vmware(0): Modeline "1152x864"x75.0  108.00  1152 1216 1344 1600  864 865 868 900 +hsync +vsync (67.5 kHz e)
[     8.004] (II) vmware(0): Modeline "1280x768"x59.9   79.50  1280 1344 1472 1664  768 771 778 798 -hsync +vsync (47.8 kHz e)
[     8.004] (II) vmware(0): Modeline "1280x720"x59.9   74.50  1280 1344 1472 1664  720 723 728 748 -hsync +vsync (44.8 kHz e)
[     8.004] (II) vmware(0): Modeline "1024x768"x60.0   65.00  1024 1048 1184 1344  768 771 777 806 -hsync -vsync (48.4 kHz e)
[     8.004] (II) vmware(0): Modeline "800x600"x60.3   40.00  800 840 968 1056  600 601 605 628 +hsync +vsync (37.9 kHz e)
[     8.004] (II) vmware(0): Modeline "640x480"x59.9   25.18  640 656 752 800  480 489 492 525 -hsync -vsync (31.5 kHz e)
[     8.004] (II) vmware(0): EDID for output Virtual2
[     8.004] (II) vmware(0): EDID for output Virtual3
[     8.004] (II) vmware(0): EDID for output Virtual4
[     8.004] (II) vmware(0): EDID for output Virtual5
[     8.004] (II) vmware(0): EDID for output Virtual6
[     8.004] (II) vmware(0): EDID for output Virtual7
[     8.004] (II) vmware(0): EDID for output Virtual8
[     8.004] (II) vmware(0): Output Virtual1 connected
[     8.004] (II) vmware(0): Output Virtual2 disconnected
[     8.004] (II) vmware(0): Output Virtual3 disconnected
[     8.004] (II) vmware(0): Output Virtual4 disconnected
[     8.004] (II) vmware(0): Output Virtual5 disconnected
[     8.004] (II) vmware(0): Output Virtual6 disconnected
[     8.004] (II) vmware(0): Output Virtual7 disconnected
[     8.004] (II) vmware(0): Output Virtual8 disconnected
[     8.004] (II) vmware(0): Using exact sizes for initial modes
[     8.004] (II) vmware(0): Output Virtual1 using initial mode 800x600 +0+0
[     8.004] (==) vmware(0): DPI set to (96, 96)
[     8.004] (==) vmware(0): Using gamma correction (1.0, 1.0, 1.0)
[     8.004] (II) Loading sub module "fb"
[     8.004] (II) LoadModule: "fb"
[     8.004] (II) Module "fb" already built-in
[     8.004] (II) Loading sub module "dri2"
[     8.004] (II) LoadModule: "dri2"
[     8.004] (II) Module "dri2" already built-in
[     8.004] (II) Loading sub module "dri3"
[     8.004] (II) LoadModule: "dri3"
[     8.004] (II) Module "dri3" already built-in
[     8.004] (II) UnloadModule: "modesetting"
[     8.004] (II) Unloading modesetting
[     8.005] (II) UnloadModule: "fbdev"
[     8.005] (II) Unloading fbdev
[     8.005] (II) UnloadSubModule: "fbdevhw"
[     8.005] (II) Unloading fbdevhw
[     8.005] (II) UnloadModule: "vesa"
[     8.005] (II) Unloading vesa
[     8.007] (II) vmware(0): Initialized VMWARE_CTRL extension version 0.2
[     8.011] (WW) vmware(0): Failed to initialize Gallium3D Xa. No render acceleration available.
[     8.012] (WW) vmware(0): Skipped initialization of direct rendering due to lack of render acceleration.
[     8.012] (--) vmware(0): Render acceleration is disabled.
[     8.012] (==) vmware(0): Rendercheck mode is disabled.
[     8.012] (--) vmware(0): Direct rendering (DRI2 3D) is disabled.
[     8.012] (--) vmware(0): Direct rendering (DRI3 3D) is disabled.
[     8.012] (==) vmware(0): Backing store enabled
[     8.012] (==) vmware(0): Silken mouse enabled
[     8.012] (==) vmware(0): DPMS enabled
[     8.013] (II) vmware(0): No 3D acceleration. Not setting up textured video.
[     8.013] (II) Initializing extension Generic Event Extension
[     8.013] (II) Initializing extension SHAPE
[     8.013] (II) Initializing extension MIT-SHM
[     8.013] (II) Initializing extension XInputExtension
[     8.013] (II) Initializing extension XTEST
[     8.013] (II) Initializing extension BIG-REQUESTS
[     8.014] (II) Initializing extension SYNC
[     8.014] (II) Initializing extension XKEYBOARD
[     8.014] (II) Initializing extension XC-MISC
[     8.014] (II) Initializing extension SECURITY
[     8.014] (II) Initializing extension XFIXES
[     8.014] (II) Initializing extension RENDER
[     8.014] (II) Initializing extension RANDR
[     8.014] (II) Initializing extension COMPOSITE
[     8.014] (II) Initializing extension DAMAGE
[     8.014] (II) Initializing extension MIT-SCREEN-SAVER
[     8.014] (II) Initializing extension DOUBLE-BUFFER
[     8.014] (II) Initializing extension RECORD
[     8.015] (II) Initializing extension DPMS
[     8.015] (II) Initializing extension Present
[     8.015] (II) Initializing extension DRI3
[     8.015] (II) Initializing extension X-Resource
[     8.015] (II) Initializing extension XVideo
[     8.015] (II) Initializing extension XVideo-MotionCompensation
[     8.015] (II) Initializing extension SELinux
[     8.015] (II) SELinux: Disabled on system
[     8.015] (II) Initializing extension GLX
[     8.015] (II) AIGLX: Screen 0 is not DRI2 capable
[     8.054] (II) IGLX: Loaded and initialized swrast
[     8.054] (II) GLX: Initialized DRISWRAST GL provider for screen 0
[     8.054] (II) Initializing extension XFree86-VidModeExtension
[     8.054] (II) Initializing extension XFree86-DGA
[     8.054] (II) Initializing extension XFree86-DRI
[     8.054] (II) Initializing extension DRI2
[     8.056] (II) vmware(0): Setting screen physical size to 211 x 158
[     8.110] (II) config/udev: Adding input device Power Button (/dev/input/event1)
[     8.110] (**) Power Button: Applying InputClass "libinput keyboard catchall"
[     8.110] (II) LoadModule: "libinput"
[     8.110] (II) Loading /usr/lib/xorg/modules/input/libinput_drv.so
[     8.117] (II) Module libinput: vendor="X.Org Foundation"
[     8.117] 	compiled for 1.21.1.3, module version = 1.2.1
[     8.117] 	Module class: X.Org XInput Driver
[     8.117] 	ABI class: X.Org XInput driver, version 24.4
[     8.117] (II) Using input driver 'libinput' for 'Power Button'
[     8.117] (**) Power Button: always reports core events
[     8.117] (**) Option "Device" "/dev/input/event1"
[     8.132] (II) event1  - Power Button: is tagged by udev as: Keyboard
[     8.132] (II) event1  - Power Button: device is a keyboard
[     8.132] (II) event1  - Power Button: device removed
[     8.151] (**) Option "config_info" "udev:/sys/devices/LNXSYSTM:00/LNXPWRBN:00/input/input2/event1"
[     8.151] (II) XINPUT: Adding extended input device "Power Button" (type: KEYBOARD, id 6)
[     8.151] (**) Option "xkb_model" "pc105"
[     8.151] (**) Option "xkb_layout" "pt"
[     8.194] (II) event1  - Power Button: is tagged by udev as: Keyboard
[     8.194] (II) event1  - Power Button: device is a keyboard
[     8.196] (II) config/udev: Adding input device VMware VMware Virtual USB Mouse (/dev/input/event4)
[     8.196] (**) VMware VMware Virtual USB Mouse: Applying InputClass "libinput pointer catchall"
[     8.196] (II) Using input driver 'libinput' for 'VMware VMware Virtual USB Mouse'
[     8.196] (**) VMware VMware Virtual USB Mouse: always reports core events
[     8.196] (**) Option "Device" "/dev/input/event4"
[     8.257] (II) event4  - VMware VMware Virtual USB Mouse: is tagged by udev as: Mouse
[     8.257] (II) event4  - VMware VMware Virtual USB Mouse: device is a pointer
[     8.257] (II) event4  - VMware VMware Virtual USB Mouse: device removed
[     8.779] (**) Option "config_info" "udev:/sys/devices/pci0000:00/0000:00:11.0/0000:02:00.0/usb2/2-1/2-1:1.0/0003:0E0F:0003.0001/input/input5/event4"
[     8.779] (II) XINPUT: Adding extended input device "VMware VMware Virtual USB Mouse" (type: MOUSE, id 7)
[     8.779] (**) Option "AccelerationScheme" "none"
[     8.779] (**) VMware VMware Virtual USB Mouse: (accel) selected scheme none/0
[     8.779] (**) VMware VMware Virtual USB Mouse: (accel) acceleration factor: 2.000
[     8.779] (**) VMware VMware Virtual USB Mouse: (accel) acceleration threshold: 4
[     8.841] (II) event4  - VMware VMware Virtual USB Mouse: is tagged by udev as: Mouse
[     8.841] (II) event4  - VMware VMware Virtual USB Mouse: device is a pointer
[     8.843] (II) config/udev: Adding input device VMware VMware Virtual USB Mouse (/dev/input/mouse2)
[     8.843] (II) No input driver specified, ignoring this device.
[     8.843] (II) This device may have been added with another device file.
[     8.843] (II) config/udev: Adding input device AT Translated Set 2 keyboard (/dev/input/event0)
[     8.843] (**) AT Translated Set 2 keyboard: Applying InputClass "libinput keyboard catchall"
[     8.843] (II) Using input driver 'libinput' for 'AT Translated Set 2 keyboard'
[     8.843] (**) AT Translated Set 2 keyboard: always reports core events
[     8.843] (**) Option "Device" "/dev/input/event0"
[     8.845] (II) event0  - AT Translated Set 2 keyboard: is tagged by udev as: Keyboard
[     8.845] (II) event0  - AT Translated Set 2 keyboard: device is a keyboard
[     8.845] (II) event0  - AT Translated Set 2 keyboard: device removed
[     8.863] (**) Option "config_info" "udev:/sys/devices/platform/i8042/serio0/input/input0/event0"
[     8.863] (II) XINPUT: Adding extended input device "AT Translated Set 2 keyboard" (type: KEYBOARD, id 8)
[     8.863] (**) Option "xkb_model" "pc105"
[     8.863] (**) Option "xkb_layout" "pt"
[     8.865] (II) event0  - AT Translated Set 2 keyboard: is tagged by udev as: Keyboard
[     8.865] (II) event0  - AT Translated Set 2 keyboard: device is a keyboard
[     8.867] (II) config/udev: Adding input device VirtualPS/2 VMware VMMouse (/dev/input/event3)
[     8.867] (**) VirtualPS/2 VMware VMMouse: Applying InputClass "libinput pointer catchall"
[     8.867] (II) Using input driver 'libinput' for 'VirtualPS/2 VMware VMMouse'
[     8.867] (**) VirtualPS/2 VMware VMMouse: always reports core events
[     8.867] (**) Option "Device" "/dev/input/event3"
[     8.868] (II) event3  - VirtualPS/2 VMware VMMouse: is tagged by udev as: Mouse
[     8.869] (II) event3  - VirtualPS/2 VMware VMMouse: device is a pointer
[     8.869] (II) event3  - VirtualPS/2 VMware VMMouse: device removed
[     8.899] (**) Option "config_info" "udev:/sys/devices/platform/i8042/serio1/input/input3/event3"
[     8.899] (II) XINPUT: Adding extended input device "VirtualPS/2 VMware VMMouse" (type: MOUSE, id 9)
[     8.899] (**) Option "AccelerationScheme" "none"
[     8.899] (**) VirtualPS/2 VMware VMMouse: (accel) selected scheme none/0
[     8.899] (**) VirtualPS/2 VMware VMMouse: (accel) acceleration factor: 2.000
[     8.899] (**) VirtualPS/2 VMware VMMouse: (accel) acceleration threshold: 4
[     8.900] (II) event3  - VirtualPS/2 VMware VMMouse: is tagged by udev as: Mouse
[     8.900] (II) event3  - VirtualPS/2 VMware VMMouse: device is a pointer
[     8.901] (II) config/udev: Adding input device VirtualPS/2 VMware VMMouse (/dev/input/mouse1)
[     8.901] (II) No input driver specified, ignoring this device.
[     8.901] (II) This device may have been added with another device file.
[     8.901] (II) config/udev: Adding input device VirtualPS/2 VMware VMMouse (/dev/input/event2)
[     8.901] (**) VirtualPS/2 VMware VMMouse: Applying InputClass "libinput pointer catchall"
[     8.901] (II) Using input driver 'libinput' for 'VirtualPS/2 VMware VMMouse'
[     8.901] (**) VirtualPS/2 VMware VMMouse: always reports core events
[     8.901] (**) Option "Device" "/dev/input/event2"
[     8.902] (II) event2  - VirtualPS/2 VMware VMMouse: is tagged by udev as: Mouse
[     8.903] (II) event2  - VirtualPS/2 VMware VMMouse: device is a pointer
[     8.903] (II) event2  - VirtualPS/2 VMware VMMouse: device removed
[     8.939] (**) Option "config_info" "udev:/sys/devices/platform/i8042/serio1/input/input4/event2"
[     8.939] (II) XINPUT: Adding extended input device "VirtualPS/2 VMware VMMouse" (type: MOUSE, id 10)
[     8.939] (**) Option "AccelerationScheme" "none"
[     8.939] (**) VirtualPS/2 VMware VMMouse: (accel) selected scheme none/0
[     8.939] (**) VirtualPS/2 VMware VMMouse: (accel) acceleration factor: 2.000
[     8.939] (**) VirtualPS/2 VMware VMMouse: (accel) acceleration threshold: 4
[     8.941] (II) event2  - VirtualPS/2 VMware VMMouse: is tagged by udev as: Mouse
[     8.941] (II) event2  - VirtualPS/2 VMware VMMouse: device is a pointer
[     8.942] (II) config/udev: Adding input device VirtualPS/2 VMware VMMouse (/dev/input/mouse0)
[     8.942] (II) No input driver specified, ignoring this device.
[     8.942] (II) This device may have been added with another device file.
[     8.942] (II) config/udev: Adding input device PC Speaker (/dev/input/event5)
[     8.943] (II) No input driver specified, ignoring this device.
[     8.943] (II) This device may have been added with another device file.
[    37.631] (!!) vmware(0): New layout.
[    37.631] (!!) vmware(0): 0: 0 0 1718 839
[    37.631] (!!) vmware(0): 
[   847.069] (II) event1  - Power Button: device removed
[   847.088] (II) event4  - VMware VMware Virtual USB Mouse: device removed
[   847.768] (II) event0  - AT Translated Set 2 keyboard: device removed
[   847.783] (II) event3  - VirtualPS/2 VMware VMMouse: device removed
[   847.816] (II) event2  - VirtualPS/2 VMware VMMouse: device removed
[   901.446] (II) event1  - Power Button: is tagged by udev as: Keyboard
[   901.446] (II) event1  - Power Button: device is a keyboard
[   901.522] (II) event4  - VMware VMware Virtual USB Mouse: is tagged by udev as: Mouse
[   901.529] (II) event4  - VMware VMware Virtual USB Mouse: device is a pointer
[   901.532] (II) event0  - AT Translated Set 2 keyboard: is tagged by udev as: Keyboard
[   901.532] (II) event0  - AT Translated Set 2 keyboard: device is a keyboard
[   901.535] (II) event3  - VirtualPS/2 VMware VMMouse: is tagged by udev as: Mouse
[   901.535] (II) event3  - VirtualPS/2 VMware VMMouse: device is a pointer
[   901.537] (II) event2  - VirtualPS/2 VMware VMMouse: is tagged by udev as: Mouse
[   901.537] (II) event2  - VirtualPS/2 VMware VMMouse: device is a pointer
[  1794.560] (II) event1  - Power Button: device removed
[  1794.583] (II) event4  - VMware VMware Virtual USB Mouse: device removed
[  1794.816] (II) event0  - AT Translated Set 2 keyboard: device removed
[  1794.831] (II) event3  - VirtualPS/2 VMware VMMouse: device removed
[  1794.867] (II) event2  - VirtualPS/2 VMware VMMouse: device removed
[  2745.543] (II) event1  - Power Button: is tagged by udev as: Keyboard
[  2745.543] (II) event1  - Power Button: device is a keyboard
[  2745.604] (II) event4  - VMware VMware Virtual USB Mouse: is tagged by udev as: Mouse
[  2745.604] (II) event4  - VMware VMware Virtual USB Mouse: device is a pointer
[  2745.605] (II) event0  - AT Translated Set 2 keyboard: is tagged by udev as: Keyboard
[  2745.605] (II) event0  - AT Translated Set 2 keyboard: device is a keyboard
[  2745.607] (II) event3  - VirtualPS/2 VMware VMMouse: is tagged by udev as: Mouse
[  2745.607] (II) event3  - VirtualPS/2 VMware VMMouse: device is a pointer
[  2745.610] (II) event2  - VirtualPS/2 VMware VMMouse: is tagged by udev as: Mouse
[  2745.610] (II) event2  - VirtualPS/2 VMware VMMouse: device is a pointer
[  3393.128] (II) event1  - Power Button: device removed
[  3393.148] (II) event4  - VMware VMware Virtual USB Mouse: device removed
[  3393.756] (II) event0  - AT Translated Set 2 keyboard: device removed
[  3393.771] (II) event3  - VirtualPS/2 VMware VMMouse: device removed
[  3393.803] (II) event2  - VirtualPS/2 VMware VMMouse: device removed
[  5342.890] (II) event1  - Power Button: is tagged by udev as: Keyboard
[  5342.890] (II) event1  - Power Button: device is a keyboard
[  5342.964] (II) event4  - VMware VMware Virtual USB Mouse: is tagged by udev as: Mouse
[  5342.964] (II) event4  - VMware VMware Virtual USB Mouse: device is a pointer
[  5342.965] (II) event0  - AT Translated Set 2 keyboard: is tagged by udev as: Keyboard
[  5342.966] (II) event0  - AT Translated Set 2 keyboard: device is a keyboard
[  5342.969] (II) event3  - VirtualPS/2 VMware VMMouse: is tagged by udev as: Mouse
[  5342.970] (II) event3  - VirtualPS/2 VMware VMMouse: device is a pointer
[  5342.975] (II) event2  - VirtualPS/2 VMware VMMouse: is tagged by udev as: Mouse
[  5342.976] (II) event2  - VirtualPS/2 VMware VMMouse: device is a pointer
